[DEBUG][10:45:14.460] updateResourceLegendContents: highlights=
[DEBUG][10:45:14.754] updateResourceLegendContents: highlights=
[DEBUG][10:45:14.758] initializeEmptySchedule: empty schedule drawn
[DEBUG][10:45:14.943] updateResourceLegendContents: highlights=
[DEBUG][10:45:48.947] updateResourceLegendContents: highlights=
[DEBUG][10:45:48.972] updateResourceLegendContents: highlights=
[DEBUG][10:45:58.830] updateResourceLegendContents: highlights=
[DEBUG][10:46:01.665] updateResourceLegendContents: highlights=
[DEBUG][10:46:16.492] updateResourceLegendContents: highlights=
[DEBUG][10:47:11.720] updateResourceLegendContents: highlights=
[DEBUG][10:47:11.740] onResourceStoreChanged: Resource store changed and legend refreshed
[DEBUG][10:47:16.355] updateResourceLegendContents: highlights=
[DEBUG][10:47:17.621] updateResourceLegendContents: highlights=
[DEBUG][10:47:20.663] updateResourceLegendContents: highlights=
[DEBUG][10:47:23.269] updateResourceLegendContents: highlights=
[DEBUG][10:47:24.797] updateResourceLegendContents: highlights=
[DEBUG][10:47:26.738] updateResourceLegendContents: highlights=
[DEBUG][10:47:32.871] updateResourceLegendContents: highlights=
[DEBUG][10:47:40.751] updateResourceLegendContents: highlights=
[DEBUG][10:47:56.081] updateResourceLegendContents: highlights=
[DEBUG][10:48:00.000] updateResourceLegendContents: highlights=
[DEBUG][10:48:06.782] updateResourceLegendContents: highlights=
[DEBUG][10:48:08.804] updateResourceLegendContents: highlights=
[DEBUG][10:48:21.144] updateResourceLegendContents: highlights=
[DEBUG][10:48:28.201] updateResourceLegendContents: highlights=
[DEBUG][10:48:43.186] updateResourceLegendContents: highlights=
[DEBUG][10:49:20.277] updateResourceLegendContents: highlights=
[DEBUG][10:49:20.508] updateResourceLegendContents: highlights=
[DEBUG][10:49:20.511] initializeEmptySchedule: empty schedule drawn
[DEBUG][10:49:20.672] updateResourceLegendContents: highlights=
[DEBUG][10:49:28.039] updateResourceLegendContents: highlights=
[DEBUG][10:49:32.577] updateResourceLegendContents: highlights=
[DEBUG][10:49:36.583] updateResourceLegendContents: highlights=
[DEBUG][10:49:42.020] updateResourceLegendContents: highlights=
[DEBUG][10:49:44.248] updateResourceLegendContents: highlights=
[DEBUG][10:49:47.368] updateResourceLegendContents: highlights=
[DEBUG][10:49:57.040] updateResourceLegendContents: highlights=
[DEBUG][10:50:00.037] updateResourceLegendContents: highlights=
[DEBUG][10:50:39.958] updateResourceLegendContents: highlights=
[DEBUG][10:50:39.961] importAppState: begin
[DEBUG][10:50:40.085] updateResourceLegendContents: highlights=
[DEBUG][10:50:40.101] onResourceStoreChanged: Resource store changed and legend refreshed
[DEBUG][10:50:40.146] updateResourceLegendContents: highlights=
[DEBUG][10:50:40.164] updateResourceLegendContents: highlights=
[DEBUG][10:50:40.261] updateResourceLegendContents: highlights=
[DEBUG][10:50:40.839] updateResourceLegendContents: highlights=
[DEBUG][10:50:41.037] importAppState: session restore complete
[DEBUG][10:50:52.657] updateResourceLegendContents: highlights=
[DEBUG][10:50:52.690] updateResourceLegendContents: highlights=
[DEBUG][10:50:59.647] updateResourceLegendContents: highlights=
[DEBUG][10:51:02.881] updateResourceLegendContents: highlights=
[DEBUG][10:51:02.901] updateResourceLegendContents: highlights=
[DEBUG][10:51:06.732] updateResourceLegendContents: highlights=
[DEBUG][10:51:06.751] updateResourceLegendContents: highlights=
[DEBUG][10:51:10.709] updateResourceLegendContents: highlights=
[DEBUG][10:51:10.734] updateResourceLegendContents: highlights=
[DEBUG][10:51:15.947] updateResourceLegendContents: highlights=
[DEBUG][10:51:15.965] updateResourceLegendContents: highlights=
[DEBUG][10:51:20.216] updateResourceLegendContents: highlights=
[DEBUG][10:51:20.241] updateResourceLegendContents: highlights=
[DEBUG][10:51:25.922] updateResourceLegendContents: highlights=
[DEBUG][10:51:25.947] updateResourceLegendContents: highlights=
[DEBUG][10:51:30.873] updateResourceLegendContents: highlights=
[DEBUG][10:51:30.897] updateResourceLegendContents: highlights=
[DEBUG][10:51:34.714] updateResourceLegendContents: highlights=
[DEBUG][10:51:37.773] updateResourceLegendContents: highlights=
[DEBUG][10:51:38.510] updateResourceLegendContents: highlights=
[DEBUG][10:51:39.863] updateResourceLegendContents: highlights=
[DEBUG][10:51:48.418] updateResourceLegendContents: highlights=
[DEBUG][16:57:20.083] updateResourceLegendContents: highlights=
[DEBUG][16:57:20.363] updateResourceLegendContents: highlights=
[DEBUG][16:57:20.367] initializeEmptySchedule: empty schedule drawn
[DEBUG][16:57:20.534] updateResourceLegendContents: highlights=
[DEBUG][16:57:32.481] updateResourceLegendContents: highlights=
[DEBUG][16:57:40.583] updateResourceLegendContents: highlights=
[DEBUG][16:57:42.806] updateResourceLegendContents: highlights=
[DEBUG][16:57:45.806] updateResourceLegendContents: highlights=
[DEBUG][16:57:48.213] updateResourceLegendContents: highlights=
[DEBUG][16:57:52.590] updateResourceLegendContents: highlights=
[DEBUG][16:58:46.137] updateResourceLegendContents: highlights=
[DEBUG][16:58:49.211] updateResourceLegendContents: highlights=
[DEBUG][16:58:52.544] updateResourceLegendContents: highlights=
[DEBUG][16:58:56.543] updateResourceLegendContents: highlights=
[DEBUG][17:14:44.269] updateResourceLegendContents: highlights=
[DEBUG][17:14:44.512] updateResourceLegendContents: highlights=
[DEBUG][17:14:44.516] initializeEmptySchedule: empty schedule drawn
[DEBUG][17:14:44.679] updateResourceLegendContents: highlights=
[DEBUG][17:14:50.211] updateResourceLegendContents: highlights=
[DEBUG][17:14:54.088] updateResourceLegendContents: highlights=
[DEBUG][17:14:56.211] updateResourceLegendContents: highlights=
[DEBUG][17:14:59.953] updateResourceLegendContents: highlights=
[DEBUG][17:15:06.820] updateResourceLegendContents: highlights=
[DEBUG][17:15:09.158] updateResourceLegendContents: highlights=
[DEBUG][17:15:12.847] updateResourceLegendContents: highlights=
[DEBUG][17:15:15.035] updateResourceLegendContents: highlights=
[DEBUG][17:15:21.175] updateResourceLegendContents: highlights=
[DEBUG][17:15:23.701] updateResourceLegendContents: highlights=
[DEBUG][17:15:27.109] updateResourceLegendContents: highlights=
[DEBUG][17:15:29.898] updateResourceLegendContents: highlights=
[DEBUG][17:15:33.236] updateResourceLegendContents: highlights=
[DEBUG][20:22:24.406] updateResourceLegendContents: highlights=
[DEBUG][20:22:28.200] updateResourceLegendContents: highlights=
[DEBUG][20:22:31.539] updateResourceLegendContents: highlights=
[DEBUG][20:22:36.708] updateResourceLegendContents: highlights=
[DEBUG][20:22:38.777] updateResourceLegendContents: highlights=
[DEBUG][20:22:45.859] updateResourceLegendContents: highlights=
[DEBUG][20:22:47.893] updateResourceLegendContents: highlights=
[DEBUG][20:23:10.255] updateResourceLegendContents: highlights=
[DEBUG][20:23:10.445] updateResourceLegendContents: highlights=
[DEBUG][20:23:10.448] initializeEmptySchedule: empty schedule drawn
[DEBUG][20:23:10.538] updateResourceLegendContents: highlights=
[DEBUG][20:23:14.601] updateResourceLegendContents: highlights=
[DEBUG][20:23:18.224] updateResourceLegendContents: highlights=
[DEBUG][20:23:22.901] updateResourceLegendContents: highlights=
[DEBUG][20:23:25.039] updateResourceLegendContents: highlights=
[DEBUG][20:23:26.573] updateResourceLegendContents: highlights=
[DEBUG][20:23:28.260] updateResourceLegendContents: highlights=
[DEBUG][20:23:29.971] updateResourceLegendContents: highlights=
[DEBUG][20:23:31.799] updateResourceLegendContents: highlights=
[DEBUG][20:23:33.275] updateResourceLegendContents: highlights=
[DEBUG][20:23:36.334] updateResourceLegendContents: highlights=
[DEBUG][20:23:38.459] updateResourceLegendContents: highlights=
[DEBUG][20:23:39.948] updateResourceLegendContents: highlights=
[DEBUG][20:23:42.061] updateResourceLegendContents: highlights=
[DEBUG][20:23:44.151] updateResourceLegendContents: highlights=
[DEBUG][20:23:45.725] updateResourceLegendContents: highlights=
[DEBUG][20:23:58.382] updateResourceLegendContents: highlights=
[DEBUG][20:23:58.398] onResourceStoreChanged: Resource store changed and legend refreshed
[DEBUG][20:24:03.390] updateResourceLegendContents: highlights=
[DEBUG][20:24:07.330] updateResourceLegendContents: highlights=
[DEBUG][20:24:35.456] updateResourceLegendContents: highlights=
[DEBUG][20:24:38.073] updateResourceLegendContents: highlights=
[DEBUG][20:24:41.401] updateResourceLegendContents: highlights=
[DEBUG][21:32:05.738] updateResourceLegendContents: highlights=
[DEBUG][21:32:05.960] updateResourceLegendContents: highlights=
[DEBUG][21:32:05.964] initializeEmptySchedule: empty schedule drawn
[DEBUG][21:32:06.065] updateResourceLegendContents: highlights=
[DEBUG][21:32:12.377] updateResourceLegendContents: highlights=
[DEBUG][21:32:16.815] updateResourceLegendContents: highlights=
[DEBUG][21:32:30.107] updateResourceLegendContents: highlights=
[DEBUG][21:32:31.546] updateResourceLegendContents: highlights=
[DEBUG][21:32:31.610] updateResourceLegendContents: highlights=
[DEBUG][21:32:39.866] updateResourceLegendContents: highlights=
[DEBUG][21:32:39.881] onResourceStoreChanged: Resource store changed and legend refreshed
[DEBUG][21:32:43.722] updateResourceLegendContents: highlights=
[DEBUG][21:32:43.741] onResourceStoreChanged: Resource store changed and legend refreshed
[DEBUG][21:32:50.600] updateResourceLegendContents: highlights=
[DEBUG][21:32:52.084] updateResourceLegendContents: highlights=
[DEBUG][21:32:52.149] updateResourceLegendContents: highlights=
[DEBUG][21:32:56.575] updateResourceLegendContents: highlights=
[DEBUG][21:34:35.161] updateResourceLegendContents: highlights=
[DEBUG][21:34:37.923] updateResourceLegendContents: highlights=
[DEBUG][21:36:17.505] updateResourceLegendContents: highlights=
[DEBUG][21:36:20.524] updateResourceLegendContents: highlights=
[DEBUG][21:36:30.287] updateResourceLegendContents: highlights=
[DEBUG][21:36:38.176] updateResourceLegendContents: highlights=
[DEBUG][21:36:40.626] updateResourceLegendContents: highlights=
[DEBUG][21:40:27.740] updateResourceLegendContents: highlights=
[DEBUG][21:40:32.417] updateResourceLegendContents: highlights=
[DEBUG][21:40:35.151] updateResourceLegendContents: highlights=
[DEBUG][21:40:40.297] updateResourceLegendContents: highlights=
[DEBUG][21:40:42.953] updateResourceLegendContents: highlights=
[DEBUG][21:50:58.952] updateResourceLegendContents: highlights=
[DEBUG][21:51:03.601] updateResourceLegendContents: highlights=
[DEBUG][21:51:06.002] updateResourceLegendContents: highlights=
[DEBUG][21:51:10.519] updateResourceLegendContents: highlights=
[DEBUG][21:51:28.436] updateResourceLegendContents: highlights=
[DEBUG][21:51:34.747] updateResourceLegendContents: highlights=
[DEBUG][21:51:38.286] updateResourceLegendContents: highlights=
[DEBUG][21:51:40.606] updateResourceLegendContents: highlights=
[DEBUG][21:51:44.539] updateResourceLegendContents: highlights=
